Traceback (most recent call last):
  File "C:\Users\jcms\Documents\Skripten\I_fP_24-28\.venv\Lib\site-packages\jupyter_cache\executors\utils.py", line 58, in single_nb_execution
    executenb(
    ~~~~~~~~~^
        nb,
        ^^^
    ...<4 lines>...
        **kwargs,
        ^^^^^^^^^
    )
    ^
  File "C:\Users\jcms\Documents\Skripten\I_fP_24-28\.venv\Lib\site-packages\nbclient\client.py", line 1319, in execute
    return NotebookClient(nb=nb, resources=resources, km=km, **kwargs).execute()
           ~~~~~~~~~~~~~~~~~~~~~~~~~~~~~~~~~~~~~~~~~~~~~~~~~~~~~~~~~~~~~~~~~~~^^
  File "C:\Users\jcms\Documents\Skripten\I_fP_24-28\.venv\Lib\site-packages\jupyter_core\utils\__init__.py", line 165, in wrapped
    return loop.run_until_complete(inner)
           ~~~~~~~~~~~~~~~~~~~~~~~^^^^^^^
  File "C:\Users\jcms\AppData\Local\Programs\Python\Python313\Lib\asyncio\base_events.py", line 725, in run_until_complete
    return future.result()
           ~~~~~~~~~~~~~^^
  File "C:\Users\jcms\Documents\Skripten\I_fP_24-28\.venv\Lib\site-packages\nbclient\client.py", line 709, in async_execute
    await self.async_execute_cell(
        cell, index, execution_count=self.code_cells_executed + 1
    )
  File "C:\Users\jcms\Documents\Skripten\I_fP_24-28\.venv\Lib\site-packages\nbclient\client.py", line 1062, in async_execute_cell
    await self._check_raise_for_error(cell, cell_index, exec_reply)
  File "C:\Users\jcms\Documents\Skripten\I_fP_24-28\.venv\Lib\site-packages\nbclient\client.py", line 918, in _check_raise_for_error
    raise CellExecutionError.from_cell_and_msg(cell, exec_reply_content)
nbclient.exceptions.CellExecutionError: An error occurred while executing the following cell:
------------------
while text_queue.tail is not None:
    print(text_queue.dequeue())
------------------

----- stdout -----
l
ü
e
m
l
i
k
l
a
s
s
e
------------------

[1;31m---------------------------------------------------------------------------[0m
[1;31mAttributeError[0m                            Traceback (most recent call last)
Cell [1;32mIn[10], line 2[0m
[0;32m      1[0m [38;5;28;01mwhile[39;00m text_queue[38;5;241m.[39mtail [38;5;129;01mis[39;00m [38;5;129;01mnot[39;00m [38;5;28;01mNone[39;00m:
[1;32m----> 2[0m     [38;5;28mprint[39m([43mtext_queue[49m[38;5;241;43m.[39;49m[43mdequeue[49m[43m([49m[43m)[49m)

Cell [1;32mIn[3], line 25[0m, in [0;36mQueue.dequeue[1;34m(self)[0m
[0;32m     23[0m [38;5;28;01melse[39;00m:
[0;32m     24[0m     node [38;5;241m=[39m [38;5;28mself[39m[38;5;241m.[39mhead
[1;32m---> 25[0m     [38;5;28mself[39m[38;5;241m.[39mhead [38;5;241m=[39m [43mnode[49m[38;5;241;43m.[39;49m[43mconnections[49m[[38;5;124m'[39m[38;5;124mto_tail[39m[38;5;124m'[39m]
[0;32m     26[0m     [38;5;28;01mreturn[39;00m node[38;5;241m.[39mvalue

[1;31mAttributeError[0m: 'NoneType' object has no attribute 'connections'

